<?xml version="1.0" encoding="UTF-8"?>
<!-- Generated by org.testng.reporters.JUnitXMLReporter -->
<testsuite ignored="0" hostname="Ranjots-MBP" failures="0" tests="3" name="Amazon test" time="32.796" errors="0" timestamp="2024-01-31T18:14:56 EST">
  <testcase classname="testngsession.AmazonTest" name="title" time="0.146"/>
  <testcase classname="testngsession.AmazonTest" name="searchExistTest" time="0.97"/>
  <testcase classname="testngsession.AmazonTest" name="helpExistTest" time="6.145"/>
</testsuite> <!-- Amazon test -->
