<?xml version="1.0" encoding="UTF-8"?>
<!-- Generated by org.testng.reporters.JUnitXMLReporter -->
<testsuite ignored="0" hostname="Ranjots-MBP" failures="0" tests="2" name="Opencart test" time="189.632" errors="0" timestamp="2024-01-31T18:17:33 EST">
  <testcase classname="testngsession.OpencartTest" name="title" time="0.0">
    <skipped/>
  </testcase> <!-- title -->
  <testcase classname="testngsession.OpencartTest" name="searchExistTest" time="0.0">
    <skipped/>
  </testcase> <!-- searchExistTest -->
</testsuite> <!-- Opencart test -->
